<?xml version="1.0" encoding="UTF-8"?>
<!-- Generated by org.testng.reporters.JUnitXMLReporter -->
<testsuite ignored="1" hostname="Heamanths-MacBook-Pro.local" failures="0" tests="1" name="Default test(failed)" time="4.246" errors="0" timestamp="2022-08-07T20:31:25 GMT-04:00">
  <testcase classname="app.test.main.TestingFieldPromoCode" name="TS2_PromCode_TC1_Emptyfield" time="4.09"/>
  <testcase classname="app.test.main.TestingFieldPromoCode" name="TS2_PromCode_TC3_NegativeDataInField" time="0.0">
    <ignored/>
  </testcase> <!-- TS2_PromCode_TC3_NegativeDataInField -->
</testsuite> <!-- Default test(failed) -->
