<?xml version="1.0" encoding="UTF-8"?>
<!-- Generated by org.testng.reporters.JUnitXMLReporter -->
<testsuite ignored="4" hostname="Heamanths-MacBook-Pro.local" failures="0" tests="1" name="Functional Flow" time="5.382" errors="0" timestamp="2022-08-08T18:26:53 GMT-04:00">
  <testcase classname="app.test.main.TestingSearchBybrand" name="TS3_ChooseBrand_TC5_DropDownValueKeyboardAccesible" time="0.909"/>
  <testcase classname="app.test.main.TestingSearchBybrand" name="TS3_ChooseBrand_TC3_SearchByBrandWithlist" time="0.0">
    <ignored/>
  </testcase> <!-- TS3_ChooseBrand_TC3_SearchByBrandWithlist -->
  <testcase classname="app.test.main.TestingSearchBybrand" name="TS3_ChooseBrand_TC1_Emptyfield" time="0.0">
    <ignored/>
  </testcase> <!-- TS3_ChooseBrand_TC1_Emptyfield -->
  <testcase classname="app.test.main.TestingSearchBybrand" name="TS3_ChooseBrand_TC2_SearchByBrandNolist" time="0.0">
    <ignored/>
  </testcase> <!-- TS3_ChooseBrand_TC2_SearchByBrandNolist -->
  <testcase classname="app.test.main.TestingSearchBybrand" name="TS3_ChooseBrand_TC4_DropDownDataValidation" time="0.0">
    <ignored/>
  </testcase> <!-- TS3_ChooseBrand_TC4_DropDownDataValidation -->
</testsuite> <!-- Functional Flow -->
