<?xml version="1.0" encoding="UTF-8"?>
<!-- Generated by org.testng.reporters.JUnitXMLReporter -->
<testsuite ignored="4" hostname="Heamanths-MacBook-Pro.local" failures="0" tests="1" name="Functional Flow(failed)(failed)(failed)(failed)" time="14.213" errors="0" timestamp="2022-08-07T23:31:14 GMT-04:00">
  <testcase classname="app.test.main.TestingSearchBybrand" name="TS3_ChooseBrand_TC2_SearchByBrandNolist" time="14.058"/>
  <testcase classname="app.test.main.TestingSearchBybrand" name="TS3_ChooseBrand_TC3_SearchByBrandWithlist" time="0.0">
    <ignored/>
  </testcase> <!-- TS3_ChooseBrand_TC3_SearchByBrandWithlist -->
  <testcase classname="app.test.main.TestingSearchBybrand" name="TS3_ChooseBrand_TC1_Emptyfield" time="0.0">
    <ignored/>
  </testcase> <!-- TS3_ChooseBrand_TC1_Emptyfield -->
  <testcase classname="app.test.main.TestingSearchBybrand" name="TS3_ChooseBrand_TC4_DropDownDataValidation" time="0.0">
    <ignored/>
  </testcase> <!-- TS3_ChooseBrand_TC4_DropDownDataValidation -->
  <testcase classname="app.test.main.TestingSearchBybrand" name="TS3_ChooseBrand_TC5_DropDownValueKeyboardAccesible" time="0.0">
    <ignored/>
  </testcase> <!-- TS3_ChooseBrand_TC5_DropDownValueKeyboardAccesible -->
</testsuite> <!-- Functional Flow(failed)(failed)(failed)(failed) -->
