<?xml version="1.0" encoding="UTF-8"?>
<!-- Generated by org.testng.reporters.JUnitXMLReporter -->
<testsuite ignored="1" hostname="Heamanths-MacBook-Pro.local" failures="0" tests="1" name="Functional Flow(failed)" time="4.308" errors="0" timestamp="2022-08-08T06:28:59 GMT-04:00">
  <testcase classname="app.test.main.TestingFieldPromoCode" name="TS2_PromCode_TC1_Emptyfield" time="4.145"/>
  <testcase classname="app.test.main.TestingFieldPromoCode" name="TS2_PromCode_TC3_NegativeDataInField" time="0.0">
    <ignored/>
  </testcase> <!-- TS2_PromCode_TC3_NegativeDataInField -->
</testsuite> <!-- Functional Flow(failed) -->
